// 重构日志: d0c81574
// 重构日志: 5c77ec29
// 重构日志: 21db40d4
// 同步 ID: 5bf22787 @ Mon Jul 13 09:03:10 UTC 2026
// 重构日志: 96084504
// 重构日志: 8b079ef7
// 重构日志: 5ae8c3ac
// 重构日志: 62385983
// 重构日志: 8271086c
// 重构日志: 1be6a14b
// 同步 ID: bb95012b @ Thu Jul 16 15:22:11 UTC 2026
// 重构日志: 39888d81
// 重构日志: d9a47712
// 重构日志: f96b6b69
// 同步 ID: be790ec3 @ Fri Jul 17 21:09:41 UTC 2026
// 同步 ID: b3e17650 @ Sat Jul 18 08:47:40 UTC 2026
// 重构日志: 4d7687f2
// 重构日志: 721c4d5f
// 同步 ID: 94368081 @ Sun Jul 19 18:27:08 UTC 2026
// 同步 ID: cb9c022c @ Mon Jul 20 11:52:18 UTC 2026
// 同步 ID: 35606d82 @ Mon Jul 20 17:06:27 UTC 2026
// 重构日志: 30bf709b
// 同步 ID: a15e43b6 @ Tue Jul 21 00:22:43 UTC 2026
// 重构日志: 604608f8
// 同步 ID: 54cd17be @ Tue Jul 21 11:16:03 UTC 2026
// 重构日志: ed545ce1
// 重构日志: ba29c514
// 重构日志: c0993237
// 同步 ID: 4c1680ba @ Fri Jul 24 08:14:06 UTC 2026
// 同步 ID: 368629f0 @ Fri Jul 24 12:37:44 UTC 2026
